execve("/home/maskott/ctf_404_2022/pwn/coffre/coffre-fort", ["/home/maskott/ctf_404_2022/pwn/c"...], 0x7ffc43319570 /* 51 vars */) = 0
brk(NULL)                               = 0x682000
access("/etc/ld.so.preload", R_OK)      = -1 ENOENT (Aucun fichier ou dossier de ce type)
openat(AT_FDCWD, "/etc/ld.so.cache", O_RDONLY|O_CLOEXEC) = 3
fstat(3, {st_mode=S_IFREG|0644, st_size=116138, ...}) = 0
mmap(NULL, 116138, PROT_READ, MAP_PRIVATE, 3, 0) = 0x7f40359a6000
close(3)                                = 0
openat(AT_FDCWD, "/lib/x86_64-linux-gnu/libc.so.6", O_RDONLY|O_CLOEXEC) = 3
read(3, "\177ELF\2\1\1\3\0\0\0\0\0\0\0\0\3\0>\0\1\0\0\0@n\2\0\0\0\0\0"..., 832) = 832
fstat(3, {st_mode=S_IFREG|0755, st_size=1839792, ...}) = 0
mmap(NULL, 8192, PROT_READ|PROT_WRITE, MAP_PRIVATE|MAP_ANONYMOUS, -1, 0) = 0x7f40359a4000
mmap(NULL, 1852680, PROT_READ, MAP_PRIVATE|MAP_DENYWRITE, 3, 0) = 0x7f40357df000
mprotect(0x7f4035804000, 1662976, PROT_NONE) = 0
mmap(0x7f4035804000, 1355776, PROT_READ|PROT_EXEC, MAP_PRIVATE|MAP_FIXED|MAP_DENYWRITE, 3, 0x25000) = 0x7f4035804000
mmap(0x7f403594f000, 303104, PROT_READ, MAP_PRIVATE|MAP_FIXED|MAP_DENYWRITE, 3, 0x170000) = 0x7f403594f000
mmap(0x7f403599a000, 24576, PROT_READ|PROT_WRITE, MAP_PRIVATE|MAP_FIXED|MAP_DENYWRITE, 3, 0x1ba000) = 0x7f403599a000
mmap(0x7f40359a0000, 13576, PROT_READ|PROT_WRITE, MAP_PRIVATE|MAP_FIXED|MAP_ANONYMOUS, -1, 0) = 0x7f40359a0000
close(3)                                = 0
arch_prctl(ARCH_SET_FS, 0x7f40359a5540) = 0
mprotect(0x7f403599a000, 12288, PROT_READ) = 0
mprotect(0x403000, 4096, PROT_READ)     = 0
mprotect(0x7f40359ed000, 4096, PROT_READ) = 0
munmap(0x7f40359a6000, 116138)          = 0
prctl(PR_SET_NO_NEW_PRIVS, 1, 0, 0, 0)  = 0
prctl(PR_SET_SECCOMP, SECCOMP_MODE_FILTER, {len=8, filter=0x404020}) = 0
write(1, "Bienvenue sur l'interface de con"..., 94) = 94
read(0, "AAAAAAAA\16AAAAAAAAAAAAAAA\232w\271\273\231\225\353\263"..., 128) = 128
write(1, "- Veuillez d\303\251sormais saisir vot"..., 49) = 49
read(0, "\240\32\256\247\344\21\t\244\277\255\362j-M\254RU\272h\370x\22\261\213\30\n.E\2155\34[", 32) = 32
write(1, " \337\2145@\177\0\0\200\336\2145@\177\0\0\200\325\2155@\177\0\0Pd\2035@\177\0\0"..., 1679850085) = 4096
write(1, "Bienvenue sur l'interface de con"..., 94) = 94
read(0, "BBBBBBBBpBBBBBBB\tf[i\177\177%I\\\354\261\244\27\220\275\345"..., 128) = 128
write(1, "- Veuillez d\303\251sormais saisir vot"..., 49) = 49
read(0, "yg\243\35\221i\27\355\367|\233\266J\342\367b&Rx1\355\361\217\307\3\350H\2\31\262\233E", 32) = 32
write(1, "Bienvenue sur l'interface de con"..., 94) = 94
read(0, "CCCCCCCC\312CCCCCCCCCCCCCCC\233\332\317\210=\24[="..., 128) = 128
write(1, "- Veuillez d\303\251sormais saisir vot"..., 49) = 49
read(0, ">I%?\332\323\327U\35Sq\34\302\256\n\337m\363\233s>J5\212uO\311\33\24\346V\376", 32) = 32
read(0, "\226W\2005@\177\0\0h@@\0\0\0\0\0\17y\2005@\177\0\0\0\0\0\0\0\0\0\0"..., 272) = 272
write(1, "Bienvenue sur l'interface de con"..., 94) = 94
read(0, "CCCCCCCC\224CCCCCCCCCCCCCCC\352\247-O}\37\351\301"..., 128) = 128
write(1, "- Veuillez d\303\251sormais saisir vot"..., 49) = 49
read(0, "\252Al)\336Xr\1\225\201\365\17\320\355\30\336C\255|\356\242.J\220\34/\244\321m\226\31\317", 32) = 32
open("flag.txt", O_RDONLY)              = -1 ENOSYS (Fonction non implantée)
read(4210792, 0x404090, 48)             = -1 EBADF (Mauvais descripteur de fichier)
write(1, "Bienvenue sur l'interface de con"..., 94) = 94
read(0, "", 128)                        = 0
write(1, "- Veuillez d\303\251sormais saisir vot"..., 49) = -1 EIO (Erreur d'entrée/sortie)
read(0, "", 32)                         = 0
